<?xml version="1.0" encoding="UTF-8"?>
<testng-results ignored="0" total="8" passed="8" failed="0" skipped="0">
  <reporter-output>
  </reporter-output>
  <suite started-at="2022-01-12T17:49:53 IST" name="Default suite" finished-at="2022-01-12T17:51:05 IST" duration-ms="72749">
    <groups>
    </groups>
    <test started-at="2022-01-12T17:49:53 IST" name="Default test" finished-at="2022-01-12T17:51:05 IST" duration-ms="72749">
      <class name="tests.ProductTest">
        <test-method is-config="true" signature="setUp()[pri:0, instance:tests.ProductTest@1bb266b3]" started-at="2022-01-12T17:49:53 IST" name="setUp" finished-at="2022-01-12T17:49:57 IST" duration-ms="3962" status="PASS">
          <reporter-output>
          </reporter-output>
        </test-method> <!-- setUp -->
        <test-method is-config="true" signature="setupLogin()[pri:0, instance:tests.ProductTest@1bb266b3]" started-at="2022-01-12T17:49:57 IST" name="setupLogin" finished-at="2022-01-12T17:50:01 IST" duration-ms="4483" status="PASS">
          <reporter-output>
          </reporter-output>
        </test-method> <!-- setupLogin -->
        <test-method signature="tc11_rearrange_Item()[pri:0, instance:tests.ProductTest@1bb266b3]" started-at="2022-01-12T17:50:01 IST" name="tc11_rearrange_Item" finished-at="2022-01-12T17:50:04 IST" duration-ms="3325" status="PASS">
          <reporter-output>
          </reporter-output>
        </test-method> <!-- tc11_rearrange_Item -->
        <test-method signature="tc12_rearrange_Item()[pri:0, instance:tests.ProductTest@1bb266b3]" started-at="2022-01-12T17:50:04 IST" name="tc12_rearrange_Item" finished-at="2022-01-12T17:50:07 IST" duration-ms="3139" status="PASS">
          <reporter-output>
          </reporter-output>
        </test-method> <!-- tc12_rearrange_Item -->
        <test-method signature="tc13_rearrange_Item()[pri:0, instance:tests.ProductTest@1bb266b3]" started-at="2022-01-12T17:50:07 IST" name="tc13_rearrange_Item" finished-at="2022-01-12T17:50:11 IST" duration-ms="3130" status="PASS">
          <reporter-output>
          </reporter-output>
        </test-method> <!-- tc13_rearrange_Item -->
        <test-method signature="tc14_rearrange_Item()[pri:0, instance:tests.ProductTest@1bb266b3]" started-at="2022-01-12T17:50:11 IST" name="tc14_rearrange_Item" finished-at="2022-01-12T17:50:14 IST" duration-ms="3115" status="PASS">
          <reporter-output>
          </reporter-output>
        </test-method> <!-- tc14_rearrange_Item -->
        <test-method signature="tc15_addToCart_Cancel()[pri:0, instance:tests.ProductTest@1bb266b3]" started-at="2022-01-12T17:50:14 IST" name="tc15_addToCart_Cancel" finished-at="2022-01-12T17:50:21 IST" duration-ms="7439" status="PASS">
          <reporter-output>
          </reporter-output>
        </test-method> <!-- tc15_addToCart_Cancel -->
        <test-method signature="tc16_addToCart_Cancel()[pri:0, instance:tests.ProductTest@1bb266b3]" started-at="2022-01-12T17:50:21 IST" name="tc16_addToCart_Cancel" finished-at="2022-01-12T17:50:32 IST" duration-ms="10564" status="PASS">
          <reporter-output>
          </reporter-output>
        </test-method> <!-- tc16_addToCart_Cancel -->
        <test-method signature="tc17_checkoutInformation()[pri:0, instance:tests.ProductTest@1bb266b3]" started-at="2022-01-12T17:50:32 IST" name="tc17_checkoutInformation" finished-at="2022-01-12T17:50:47 IST" duration-ms="15053" status="PASS">
          <reporter-output>
          </reporter-output>
        </test-method> <!-- tc17_checkoutInformation -->
        <test-method signature="tc18_completeProductPurchase()[pri:0, instance:tests.ProductTest@1bb266b3]" started-at="2022-01-12T17:50:47 IST" name="tc18_completeProductPurchase" finished-at="2022-01-12T17:51:05 IST" duration-ms="18492" status="PASS">
          <reporter-output>
          </reporter-output>
        </test-method> <!-- tc18_completeProductPurchase -->
      </class> <!-- tests.ProductTest -->
    </test> <!-- Default test -->
  </suite> <!-- Default suite -->
</testng-results>
