<?xml version="1.0" encoding="UTF-8"?>
<!-- Generated by org.testng.reporters.JUnitXMLReporter -->
<testsuite ignored="0" hostname="DESKTOP-6LGDSHO" failures="0" tests="8" name="Default test" time="72.749" errors="0" timestamp="2022-01-12T17:51:06 IST">
  <testcase classname="tests.ProductTest" name="tc11_rearrange_Item" time="3.325"/>
  <testcase classname="tests.ProductTest" name="tc12_rearrange_Item" time="3.139"/>
  <testcase classname="tests.ProductTest" name="tc13_rearrange_Item" time="3.13"/>
  <testcase classname="tests.ProductTest" name="tc14_rearrange_Item" time="3.115"/>
  <testcase classname="tests.ProductTest" name="tc15_addToCart_Cancel" time="7.439"/>
  <testcase classname="tests.ProductTest" name="tc16_addToCart_Cancel" time="10.564"/>
  <testcase classname="tests.ProductTest" name="tc17_checkoutInformation" time="15.053"/>
  <testcase classname="tests.ProductTest" name="tc18_completeProductPurchase" time="18.492"/>
</testsuite> <!-- Default test -->
